Flutter crash report.
Please report a bug at https://github.com/flutter/flutter/issues.

## command

flutter run

## exception

RPCError: ext.flutter.debugDumpFocusTree: (-32603) Unexpected DWDS error for callServiceExtension: Unexpected error from chrome devtools:
text: Uncaught (in promise)
exception:
  preview: null
  description: null
  type: string
  value: Unexpected null value.
attempted JS eval: `require("dart_sdk").developer.invokeExtension(
    "ext.flutter.debugDumpFocusTree", JSON.stringify({}));
`


```
#0      new _OutstandingRequest (package:vm_service/src/vm_service.dart:265:34)
#1      VmService._call.<anonymous closure> (package:vm_service/src/vm_service.dart:1921:25)
#2      VmService._call (package:vm_service/src/vm_service.dart:1933:8)
#3      VmService.callServiceExtension (package:vm_service/src/vm_service.dart:1872:14)
#4      FlutterVmService._checkedCallServiceExtension (package:flutter_tools/src/vmservice.dart:889:28)
#5      FlutterVmService.invokeFlutterExtensionRpcRaw (package:flutter_tools/src/vmservice.dart:909:49)
#6      FlutterVmService.flutterDebugDumpFocusTree (package:flutter_tools/src/vmservice.dart:666:50)
#7      ResidentHandlers.debugDumpFocusTree (package:flutter_tools/src/resident_runner.dart:734:53)
<asynchronous suspension>
#8      TerminalHandler.processTerminalInput (package:flutter_tools/src/resident_runner.dart:1786:7)
<asynchronous suspension>
```

## flutter doctor

```
[32m[✓][39m Flutter (Channel stable, 3.27.1, on Microsoft Windows [Version 10.0.26100.3194], locale en-PH)
    [32m•[39m Flutter version 3.27.1 on channel stable at C:\flutter
    [32m•[39m Upstream repository https://github.com/flutter/flutter.git
    [32m•[39m Framework revision 17025dd882 (9 weeks ago), 2024-12-17 03:23:09 +0900
    [32m•[39m Engine revision cb4b5fff73
    [32m•[39m Dart version 3.6.0
    [32m•[39m DevTools version 2.40.2

[32m[✓][39m Windows Version (Installed version of Windows is version 10 or higher)

[31m[✗][39m Android toolchain - develop for Android devices
    [31m✗[39m Unable to locate Android SDK.
      Install Android Studio from: https://developer.android.com/studio/index.html
      On first launch it will assist you in installing the Android SDK components.
      (or visit https://flutter.dev/to/windows-android-setup for detailed instructions).
      If the Android SDK has been installed to a custom location, please use
      `flutter config --android-sdk` to update to that location.


[32m[✓][39m Chrome - develop for the web
    [32m•[39m Chrome at C:\Program Files\Google\Chrome\Application\chrome.exe

[31m[✗][39m Visual Studio - develop Windows apps
    [31m✗[39m Visual Studio not installed; this is necessary to develop Windows apps.
      Download at https://visualstudio.microsoft.com/downloads/.
      Please install the "Desktop development with C++" workload, including all of its default components

[33m[!][39m Android Studio (not installed)
    [32m•[39m Android Studio not found; download from https://developer.android.com/studio/index.html
      (or visit https://flutter.dev/to/windows-android-setup for detailed instructions).

[32m[✓][39m VS Code (version 1.97.2)
    [32m•[39m VS Code at C:\Users\Sandara\AppData\Local\Programs\Microsoft VS Code
    [32m•[39m Flutter extension version 3.105.20250203

[32m[✓][39m Connected device (3 available)
    [32m•[39m Windows (desktop) • windows • windows-x64    • Microsoft Windows [Version 10.0.26100.3194]
    [32m•[39m Chrome (web)      • chrome  • web-javascript • Google Chrome 132.0.6834.160
    [32m•[39m Edge (web)        • edge    • web-javascript • Microsoft Edge 133.0.3065.69

[33m[!][39m Network resources
    [31m✗[39m A network error occurred while checking "https://pub.dev/": Failed host lookup: 'pub.dev'
    [31m✗[39m A network error occurred while checking "https://storage.googleapis.com/": Failed host lookup: 'storage.googleapis.com'
    [31m✗[39m A network error occurred while checking "https://maven.google.com/": Failed host lookup: 'maven.google.com'
    [31m✗[39m A network error occurred while checking "https://cocoapods.org/": Failed host lookup: 'cocoapods.org'
    [31m✗[39m A network error occurred while checking "https://github.com/": Failed host lookup: 'github.com'

[33m![39m Doctor found issues in 4 categories.
```
